[37mresilience-heft-gxwpg-heft-initialize-2377397022: WARNING: Running pip as the 'root' user can result in broken permissions and conflicting behaviour with the system package manager. It is recommended to use a virtual environment instead: https://pip.pypa.io/warnings/venv[0m
[37mresilience-heft-gxwpg-heft-initialize-2377397022: [0m
[37mresilience-heft-gxwpg-heft-initialize-2377397022: [notice] A new release of pip is available: 23.0.1 -> 25.3[0m
[37mresilience-heft-gxwpg-heft-initialize-2377397022: [notice] To update, run: pip install --upgrade pip[0m
[37mresilience-heft-gxwpg-heft-initialize-2377397022: HEFT Schedule:[0m
[37mresilience-heft-gxwpg-heft-initialize-2377397022:   Health Checks: ['worker-w001', 'worker-w003', 'worker-w005'][0m
[37mresilience-heft-gxwpg-heft-initialize-2377397022:   Node Sim: worker-w002 (zone R1) - EXCLUDE from failure targets[0m
[37mresilience-heft-gxwpg-heft-initialize-2377397022:   Rack Sim: worker-w004 (zone R2) - EXCLUDE zone from failure targets[0m
[37mresilience-heft-gxwpg-heft-initialize-2377397022: HEFT initialization complete[0m
[37mresilience-heft-gxwpg-heft-initialize-2377397022: time="2026-01-05T13:27:47.245Z" level=info msg="sub-process exited" argo=true error="<nil>"[0m
[37mresilience-heft-gxwpg-heft-initialize-2377397022: time="2026-01-05T13:27:47.245Z" level=info msg="/tmp/heft-node-hc1 -> /var/run/argo/outputs/parameters//tmp/heft-node-hc1" argo=true[0m
[37mresilience-heft-gxwpg-heft-initialize-2377397022: time="2026-01-05T13:27:47.246Z" level=info msg="/tmp/heft-node-hc2 -> /var/run/argo/outputs/parameters//tmp/heft-node-hc2" argo=true[0m
[37mresilience-heft-gxwpg-heft-initialize-2377397022: time="2026-01-05T13:27:47.246Z" level=info msg="/tmp/heft-node-hc3 -> /var/run/argo/outputs/parameters//tmp/heft-node-hc3" argo=true[0m
[37mresilience-heft-gxwpg-heft-initialize-2377397022: time="2026-01-05T13:27:47.246Z" level=info msg="/tmp/heft-node-sim -> /var/run/argo/outputs/parameters//tmp/heft-node-sim" argo=true[0m
[37mresilience-heft-gxwpg-heft-initialize-2377397022: time="2026-01-05T13:27:47.246Z" level=info msg="/tmp/heft-zone-sim -> /var/run/argo/outputs/parameters//tmp/heft-zone-sim" argo=true[0m
[37mresilience-heft-gxwpg-heft-initialize-2377397022: time="2026-01-05T13:27:47.246Z" level=info msg="/tmp/heft-node-interim -> /var/run/argo/outputs/parameters//tmp/heft-node-interim" argo=true[0m
[37mresilience-heft-gxwpg-heft-initialize-2377397022: time="2026-01-05T13:27:47.246Z" level=info msg="/tmp/heft-node-rack -> /var/run/argo/outputs/parameters//tmp/heft-node-rack" argo=true[0m
[37mresilience-heft-gxwpg-heft-initialize-2377397022: time="2026-01-05T13:27:47.246Z" level=info msg="/tmp/heft-zone-rack -> /var/run/argo/outputs/parameters//tmp/heft-zone-rack" argo=true[0m
[37mresilience-heft-gxwpg-heft-initialize-2377397022: time="2026-01-05T13:27:47.247Z" level=info msg="/tmp/heft-node-final -> /var/run/argo/outputs/parameters//tmp/heft-node-final" argo=true[0m
[36mresilience-heft-gxwpg-health-check-3445304423: /usr/bin/python3: can't open file '/app/heft_resilience_sim.py': [Errno 2] No such file or directory[0m
[34mresilience-heft-gxwpg-health-check-3428526804: /usr/bin/python3: can't open file '/app/heft_resilience_sim.py': [Errno 2] No such file or directory[0m
[37mresilience-heft-gxwpg-health-check-3478859661: /usr/bin/python3: can't open file '/app/heft_resilience_sim.py': [Errno 2] No such file or directory[0m
[36mresilience-heft-gxwpg-health-check-3445304423: time="2026-01-05T13:28:05.172Z" level=info msg="sub-process exited" argo=true error="<nil>"[0m
[36mresilience-heft-gxwpg-health-check-3445304423: Error: exit status 2[0m
[34mresilience-heft-gxwpg-health-check-3428526804: time="2026-01-05T13:28:05.255Z" level=info msg="sub-process exited" argo=true error="<nil>"[0m
[34mresilience-heft-gxwpg-health-check-3428526804: Error: exit status 2[0m
[37mresilience-heft-gxwpg-health-check-3478859661: time="2026-01-05T13:28:05.324Z" level=info msg="sub-process exited" argo=true error="<nil>"[0m
[37mresilience-heft-gxwpg-health-check-3478859661: Error: exit status 2[0m
