[33mresilience-heft-fdw9f-heft-initialize-2651619139: WARNING: Running pip as the 'root' user can result in broken permissions and conflicting behaviour with the system package manager. It is recommended to use a virtual environment instead: https://pip.pypa.io/warnings/venv[0m
[33mresilience-heft-fdw9f-heft-initialize-2651619139: [0m
[33mresilience-heft-fdw9f-heft-initialize-2651619139: [notice] A new release of pip is available: 23.0.1 -> 25.3[0m
[33mresilience-heft-fdw9f-heft-initialize-2651619139: [notice] To update, run: pip install --upgrade pip[0m
[33mresilience-heft-fdw9f-heft-initialize-2651619139: HEFT Schedule:[0m
[33mresilience-heft-fdw9f-heft-initialize-2651619139:   Health Checks: ['worker-w001', 'worker-w003', 'worker-w005'][0m
[33mresilience-heft-fdw9f-heft-initialize-2651619139:   Node Sim: worker-w002 (zone R1) - EXCLUDE from failure targets[0m
[33mresilience-heft-fdw9f-heft-initialize-2651619139:   Rack Sim: worker-w004 (zone R2) - EXCLUDE zone from failure targets[0m
[33mresilience-heft-fdw9f-heft-initialize-2651619139: HEFT initialization complete[0m
[33mresilience-heft-fdw9f-heft-initialize-2651619139: time="2026-01-05T13:29:44.155Z" level=info msg="sub-process exited" argo=true error="<nil>"[0m
[33mresilience-heft-fdw9f-heft-initialize-2651619139: time="2026-01-05T13:29:44.155Z" level=info msg="/tmp/heft-node-hc1 -> /var/run/argo/outputs/parameters//tmp/heft-node-hc1" argo=true[0m
[33mresilience-heft-fdw9f-heft-initialize-2651619139: time="2026-01-05T13:29:44.155Z" level=info msg="/tmp/heft-node-hc2 -> /var/run/argo/outputs/parameters//tmp/heft-node-hc2" argo=true[0m
[33mresilience-heft-fdw9f-heft-initialize-2651619139: time="2026-01-05T13:29:44.155Z" level=info msg="/tmp/heft-node-hc3 -> /var/run/argo/outputs/parameters//tmp/heft-node-hc3" argo=true[0m
[33mresilience-heft-fdw9f-heft-initialize-2651619139: time="2026-01-05T13:29:44.156Z" level=info msg="/tmp/heft-node-sim -> /var/run/argo/outputs/parameters//tmp/heft-node-sim" argo=true[0m
[33mresilience-heft-fdw9f-heft-initialize-2651619139: time="2026-01-05T13:29:44.156Z" level=info msg="/tmp/heft-zone-sim -> /var/run/argo/outputs/parameters//tmp/heft-zone-sim" argo=true[0m
[33mresilience-heft-fdw9f-heft-initialize-2651619139: time="2026-01-05T13:29:44.156Z" level=info msg="/tmp/heft-node-interim -> /var/run/argo/outputs/parameters//tmp/heft-node-interim" argo=true[0m
[33mresilience-heft-fdw9f-heft-initialize-2651619139: time="2026-01-05T13:29:44.156Z" level=info msg="/tmp/heft-node-rack -> /var/run/argo/outputs/parameters//tmp/heft-node-rack" argo=true[0m
[33mresilience-heft-fdw9f-heft-initialize-2651619139: time="2026-01-05T13:29:44.156Z" level=info msg="/tmp/heft-zone-rack -> /var/run/argo/outputs/parameters//tmp/heft-zone-rack" argo=true[0m
[33mresilience-heft-fdw9f-heft-initialize-2651619139: time="2026-01-05T13:29:44.156Z" level=info msg="/tmp/heft-node-final -> /var/run/argo/outputs/parameters//tmp/heft-node-final" argo=true[0m
[34mresilience-heft-fdw9f-health-check-1913134883: /usr/bin/python3: can't open file '/app/heft_resilience_sim.py': [Errno 2] No such file or directory[0m
[32mresilience-heft-fdw9f-health-check-1896357264: /usr/bin/python3: can't open file '/app/heft_resilience_sim.py': [Errno 2] No such file or directory[0m
[34mresilience-heft-fdw9f-health-check-1913134883: time="2026-01-05T13:30:02.559Z" level=info msg="sub-process exited" argo=true error="<nil>"[0m
[34mresilience-heft-fdw9f-health-check-1913134883: Error: exit status 2[0m
[32mresilience-heft-fdw9f-health-check-1896357264: time="2026-01-05T13:30:03.153Z" level=info msg="sub-process exited" argo=true error="<nil>"[0m
[32mresilience-heft-fdw9f-health-check-1896357264: Error: exit status 2[0m
[33mresilience-heft-fdw9f-health-check-1929912502: /usr/bin/python3: can't open file '/app/heft_resilience_sim.py': [Errno 2] No such file or directory[0m
[33mresilience-heft-fdw9f-health-check-1929912502: time="2026-01-05T13:30:06.647Z" level=info msg="sub-process exited" argo=true error="<nil>"[0m
[33mresilience-heft-fdw9f-health-check-1929912502: Error: exit status 2[0m
