2026.01.22 10:15:54.163 IST:    
2026.01.22 10:15:54.168 IST:   ----------------------------------------------------------------------- 
2026.01.22 10:15:54.173 IST:   File for submitting this DAG to HTCondor           : rack-resiliency-1x-20260122-101553-0.dag.condor.sub 
2026.01.22 10:15:54.178 IST:   Log of DAGMan debugging messages                   : rack-resiliency-1x-20260122-101553-0.dag.dagman.out 
2026.01.22 10:15:54.183 IST:   Log of HTCondor library output                     : rack-resiliency-1x-20260122-101553-0.dag.lib.out 
2026.01.22 10:15:54.189 IST:   Log of HTCondor library error messages             : rack-resiliency-1x-20260122-101553-0.dag.lib.err 
2026.01.22 10:15:54.194 IST:   Log of the life of condor_dagman itself            : rack-resiliency-1x-20260122-101553-0.dag.dagman.log 
2026.01.22 10:15:54.199 IST:    
2026.01.22 10:15:54.204 IST:   -no_submit given, not submitting DAG to HTCondor. You can do this with: 
2026.01.22 10:15:54.214 IST:   ----------------------------------------------------------------------- 
2026.01.22 10:15:59.637 IST:   Pegasus database was successfully created. 
2026.01.22 10:15:59.642 IST:   Database version: '5.0.9' (sqlite:////home/snu/.pegasus/workflow.db) 
2026.01.22 10:16:09.156 IST:   Pegasus database was successfully created. 
2026.01.22 10:16:09.161 IST:   Database version: '5.0.9' (sqlite:////home/snu/kubernetes/comparison-logs/pegasus-1x/pegasus-1x-20260122-101553-1/submit/snu/pegasus/rack-resiliency-1x-20260122-101553/run0001/rack-resiliency-1x-20260122-101553-0.replicas.db) 
2026.01.22 10:16:09.195 IST:   Output replica catalog set to jdbc:sqlite:/home/snu/kubernetes/comparison-logs/pegasus-1x/pegasus-1x-20260122-101553-1/submit/snu/pegasus/rack-resiliency-1x-20260122-101553/run0001/rack-resiliency-1x-20260122-101553-0.replicas.db 
2026.01.22 10:16:09.404 IST:   Submitting to condor rack-resiliency-1x-20260122-101553-0.dag.condor.sub 
2026.01.22 10:16:09.412 IST:   Error: Running ('/usr/bin/condor_submit', '-terse', 'rack-resiliency-1x-20260122-101553-0.dag.condor.sub') failed with 1 
2026.01.22 10:16:09.417 IST:   Message: ERROR: Can't find address of local schedd 
2026.01.22 10:16:09.423 IST: [FATAL ERROR]  
 [1] java.lang.RuntimeException: Unable to submit the workflow using pegasus-run at edu.isi.pegasus.planner.client.CPlanner.executeCommand(CPlanner.java:672) 
