[36mresilience-heft-t988k-heft-initialize-164752883: WARNING: Running pip as the 'root' user can result in broken permissions and conflicting behaviour with the system package manager. It is recommended to use a virtual environment instead: https://pip.pypa.io/warnings/venv[0m
[36mresilience-heft-t988k-heft-initialize-164752883: [0m
[36mresilience-heft-t988k-heft-initialize-164752883: [notice] A new release of pip is available: 23.0.1 -> 25.3[0m
[36mresilience-heft-t988k-heft-initialize-164752883: [notice] To update, run: pip install --upgrade pip[0m
[36mresilience-heft-t988k-heft-initialize-164752883: HEFT Schedule:[0m
[36mresilience-heft-t988k-heft-initialize-164752883:   Health Checks: ['worker-w001', 'worker-w003', 'worker-w005'][0m
[36mresilience-heft-t988k-heft-initialize-164752883:   Node Sim: worker-w002 (zone R1) - EXCLUDE from failure targets[0m
[36mresilience-heft-t988k-heft-initialize-164752883:   Rack Sim: worker-w004 (zone R2) - EXCLUDE zone from failure targets[0m
[36mresilience-heft-t988k-heft-initialize-164752883: HEFT initialization complete[0m
[36mresilience-heft-t988k-heft-initialize-164752883: time="2026-01-05T13:28:46.710Z" level=info msg="sub-process exited" argo=true error="<nil>"[0m
[36mresilience-heft-t988k-heft-initialize-164752883: time="2026-01-05T13:28:46.710Z" level=info msg="/tmp/heft-node-hc1 -> /var/run/argo/outputs/parameters//tmp/heft-node-hc1" argo=true[0m
[36mresilience-heft-t988k-heft-initialize-164752883: time="2026-01-05T13:28:46.711Z" level=info msg="/tmp/heft-node-hc2 -> /var/run/argo/outputs/parameters//tmp/heft-node-hc2" argo=true[0m
[36mresilience-heft-t988k-heft-initialize-164752883: time="2026-01-05T13:28:46.711Z" level=info msg="/tmp/heft-node-hc3 -> /var/run/argo/outputs/parameters//tmp/heft-node-hc3" argo=true[0m
[36mresilience-heft-t988k-heft-initialize-164752883: time="2026-01-05T13:28:46.711Z" level=info msg="/tmp/heft-node-sim -> /var/run/argo/outputs/parameters//tmp/heft-node-sim" argo=true[0m
[36mresilience-heft-t988k-heft-initialize-164752883: time="2026-01-05T13:28:46.711Z" level=info msg="/tmp/heft-zone-sim -> /var/run/argo/outputs/parameters//tmp/heft-zone-sim" argo=true[0m
[36mresilience-heft-t988k-heft-initialize-164752883: time="2026-01-05T13:28:46.711Z" level=info msg="/tmp/heft-node-interim -> /var/run/argo/outputs/parameters//tmp/heft-node-interim" argo=true[0m
[36mresilience-heft-t988k-heft-initialize-164752883: time="2026-01-05T13:28:46.711Z" level=info msg="/tmp/heft-node-rack -> /var/run/argo/outputs/parameters//tmp/heft-node-rack" argo=true[0m
[36mresilience-heft-t988k-heft-initialize-164752883: time="2026-01-05T13:28:46.711Z" level=info msg="/tmp/heft-zone-rack -> /var/run/argo/outputs/parameters//tmp/heft-zone-rack" argo=true[0m
[36mresilience-heft-t988k-heft-initialize-164752883: time="2026-01-05T13:28:46.711Z" level=info msg="/tmp/heft-node-final -> /var/run/argo/outputs/parameters//tmp/heft-node-final" argo=true[0m
[32mresilience-heft-t988k-health-check-628972915: /usr/bin/python3: can't open file '/app/heft_resilience_sim.py': [Errno 2] No such file or directory[0m
[34mresilience-heft-t988k-health-check-645750534: /usr/bin/python3: can't open file '/app/heft_resilience_sim.py': [Errno 2] No such file or directory[0m
[36mresilience-heft-t988k-health-check-612195296: /usr/bin/python3: can't open file '/app/heft_resilience_sim.py': [Errno 2] No such file or directory[0m
[32mresilience-heft-t988k-health-check-628972915: time="2026-01-05T13:29:08.854Z" level=info msg="sub-process exited" argo=true error="<nil>"[0m
[32mresilience-heft-t988k-health-check-628972915: Error: exit status 2[0m
[34mresilience-heft-t988k-health-check-645750534: time="2026-01-05T13:29:08.952Z" level=info msg="sub-process exited" argo=true error="<nil>"[0m
[34mresilience-heft-t988k-health-check-645750534: Error: exit status 2[0m
[36mresilience-heft-t988k-health-check-612195296: time="2026-01-05T13:29:09.688Z" level=info msg="sub-process exited" argo=true error="<nil>"[0m
[36mresilience-heft-t988k-health-check-612195296: Error: exit status 2[0m
