Found 3 pods, using pod/resilience-heft-1-201022-hk8np
================================================================
 HEFT-OPTIMIZED NATIVE KUBERNETES RESILIENCE SIMULATION
 Time: Mon Jan  5 14:40:27 UTC 2026
================================================================
[2026-01-05 14:40:27] Run ID: heft-native-20260105-144027
[2026-01-05 14:40:27] Platform: Native Kubernetes (HEFT-Optimized)
[2026-01-05 14:40:27] HEFT Exclusion Node: worker-w005
[2026-01-05 14:40:27] HEFT Exclusion Zone: R3

================================================================
 STEP 1: PARALLEL HEALTH CHECKS (3x)
 Time: Mon Jan  5 14:40:27 UTC 2026
================================================================
Log directory created/verified: /app/logs
File logging configured successfully
2026-01-05 14:40:27,577 [INFO] Loaded in-cluster Kubernetes config
2026-01-05 14:40:27,578 [INFO] Running on host: resilience-heft-1-201022-hk8np
2026-01-05 14:40:27,578 [INFO] Detected current node: master-m003, zone: R3
2026-01-05 14:40:27,579 [INFO] Checking if we have permissions to modify nodes...
2026-01-05 14:40:27,629 [INFO] Testing permissions using node: master-m001
2026-01-05 14:40:27,645 [INFO] Permission check successful - we can modify nodes
2026-01-05 14:40:27,645 [INFO] Using real Kubernetes API for node control
usage: rack_resiliency_to_host.py [-h]
                                  [--stabilization-time STABILIZATION_TIME]
                                  [--downtime DOWNTIME]
                                  {health-check,simulate-node,simulate-rack,recover-node,recover-rack}
rack_resiliency_to_host.py: error: the following arguments are required: action
Log directory created/verified: /app/logs
File logging configured successfully
2026-01-05 14:40:27,721 [INFO] Loaded in-cluster Kubernetes config
2026-01-05 14:40:27,721 [INFO] Running on host: resilience-heft-1-201022-hk8np
2026-01-05 14:40:27,721 [INFO] Detected current node: master-m003, zone: R3
2026-01-05 14:40:27,722 [INFO] Checking if we have permissions to modify nodes...
2026-01-05 14:40:27,786 [INFO] Testing permissions using node: master-m001
2026-01-05 14:40:27,795 [INFO] Permission check successful - we can modify nodes
2026-01-05 14:40:27,796 [INFO] Using real Kubernetes API for node control
usage: rack_resiliency_to_host.py [-h]
                                  [--stabilization-time STABILIZATION_TIME]
                                  [--downtime DOWNTIME]
                                  {health-check,simulate-node,simulate-rack,recover-node,recover-rack}
rack_resiliency_to_host.py: error: the following arguments are required: action
Log directory created/verified: /app/logs
File logging configured successfully
2026-01-05 14:40:27,820 [INFO] Loaded in-cluster Kubernetes config
2026-01-05 14:40:27,820 [INFO] Running on host: resilience-heft-1-201022-hk8np
2026-01-05 14:40:27,820 [INFO] Detected current node: master-m003, zone: R3
2026-01-05 14:40:27,821 [INFO] Checking if we have permissions to modify nodes...
2026-01-05 14:40:27,854 [INFO] Testing permissions using node: master-m001
2026-01-05 14:40:27,862 [INFO] Permission check successful - we can modify nodes
2026-01-05 14:40:27,862 [INFO] Using real Kubernetes API for node control
usage: rack_resiliency_to_host.py [-h]
                                  [--stabilization-time STABILIZATION_TIME]
                                  [--downtime DOWNTIME]
                                  {health-check,simulate-node,simulate-rack,recover-node,recover-rack}
rack_resiliency_to_host.py: error: the following arguments are required: action
