job.batch/health-check-4x-1 created
job.batch/health-check-4x-2 created
job.batch/health-check-4x-3 created
job.batch/health-check-4x-4 created
job.batch/health-check-4x-5 created
job.batch/health-check-4x-6 created
job.batch/health-check-4x-7 created
job.batch/health-check-4x-8 created
job.batch/health-check-4x-9 created
job.batch/health-check-4x-10 created
job.batch/health-check-4x-11 created
job.batch/health-check-4x-12 created
job.batch/node-failure-4x-1 created
job.batch/node-failure-4x-2 created
job.batch/node-failure-4x-3 created
job.batch/node-failure-4x-4 created
job.batch/interim-check-4x-1 created
job.batch/interim-check-4x-2 created
job.batch/interim-check-4x-3 created
job.batch/interim-check-4x-4 created
job.batch/rack-failure-4x-1 created
job.batch/rack-failure-4x-2 created
job.batch/rack-failure-4x-3 created
job.batch/rack-failure-4x-4 created
job.batch/final-check-4x-1 created
job.batch/final-check-4x-2 created
job.batch/final-check-4x-3 created
job.batch/final-check-4x-4 created
