[35mresilience-heft-x86wd-heft-initialize-2152040770: ================================================[0m
[35mresilience-heft-x86wd-heft-initialize-2152040770: HEFT SCHEDULER INITIALIZATION[0m
[35mresilience-heft-x86wd-heft-initialize-2152040770: ================================================[0m
[35mresilience-heft-x86wd-heft-initialize-2152040770: HEFT Decision:[0m
[35mresilience-heft-x86wd-heft-initialize-2152040770:   Execution Node: master-m003[0m
[35mresilience-heft-x86wd-heft-initialize-2152040770:   Execution Zone: R3[0m
[35mresilience-heft-x86wd-heft-initialize-2152040770:   Exclude Node from simulation: worker-w005[0m
[35mresilience-heft-x86wd-heft-initialize-2152040770:   Exclude Zone from rack sim: R3[0m
[35mresilience-heft-x86wd-heft-initialize-2152040770: HEFT initialization complete[0m
[35mresilience-heft-x86wd-heft-initialize-2152040770: time="2026-01-05T14:13:54.303Z" level=info msg="sub-process exited" argo=true error="<nil>"[0m
[35mresilience-heft-x86wd-heft-initialize-2152040770: time="2026-01-05T14:13:54.303Z" level=info msg="/tmp/heft-exclude-node -> /var/run/argo/outputs/parameters//tmp/heft-exclude-node" argo=true[0m
[35mresilience-heft-x86wd-heft-initialize-2152040770: time="2026-01-05T14:13:54.303Z" level=info msg="/tmp/heft-exclude-zone -> /var/run/argo/outputs/parameters//tmp/heft-exclude-zone" argo=true[0m
[36mresilience-heft-x86wd-health-check-2184182048: Log directory created/verified: /app/logs[0m
[36mresilience-heft-x86wd-health-check-2184182048: File logging configured successfully[0m
[36mresilience-heft-x86wd-health-check-2184182048: 2026-01-05 14:14:34,163 [INFO] Loaded in-cluster Kubernetes config[0m
[36mresilience-heft-x86wd-health-check-2184182048: 2026-01-05 14:14:34,164 [INFO] Running on host: resilience-heft-x86wd-health-check-2184182048[0m
[36mresilience-heft-x86wd-health-check-2184182048: 2026-01-05 14:14:34,164 [INFO] Detected current node: master-m003, zone: R3[0m
[36mresilience-heft-x86wd-health-check-2184182048: 2026-01-05 14:14:34,164 [INFO] Checking if we have permissions to modify nodes...[0m
[36mresilience-heft-x86wd-health-check-2184182048: 2026-01-05 14:14:34,183 [INFO] Testing permissions using node: master-m001[0m
[36mresilience-heft-x86wd-health-check-2184182048: 2026-01-05 14:14:34,189 [INFO] Permission check successful - we can modify nodes[0m
[36mresilience-heft-x86wd-health-check-2184182048: 2026-01-05 14:14:34,190 [INFO] Using real Kubernetes API for node control[0m
[36mresilience-heft-x86wd-health-check-2184182048: usage: rack_resiliency_to_host.py [-h][0m
[36mresilience-heft-x86wd-health-check-2184182048:                                   [--stabilization-time STABILIZATION_TIME][0m
[36mresilience-heft-x86wd-health-check-2184182048:                                   [--downtime DOWNTIME][0m
[36mresilience-heft-x86wd-health-check-2184182048:                                   {health-check,simulate-node,simulate-rack,recover-node,recover-rack}[0m
[36mresilience-heft-x86wd-health-check-2184182048: rack_resiliency_to_host.py: error: the following arguments are required: action[0m
[36mresilience-heft-x86wd-health-check-2184182048: time="2026-01-05T14:14:34.789Z" level=info msg="sub-process exited" argo=true error="<nil>"[0m
[36mresilience-heft-x86wd-health-check-2184182048: Error: exit status 2[0m
[33mresilience-heft-x86wd-health-check-2234514905: Log directory created/verified: /app/logs[0m
[33mresilience-heft-x86wd-health-check-2234514905: File logging configured successfully[0m
[33mresilience-heft-x86wd-health-check-2234514905: 2026-01-05 14:14:36,591 [INFO] Loaded in-cluster Kubernetes config[0m
[33mresilience-heft-x86wd-health-check-2234514905: 2026-01-05 14:14:36,592 [INFO] Running on host: resilience-heft-x86wd-health-check-2234514905[0m
[33mresilience-heft-x86wd-health-check-2234514905: 2026-01-05 14:14:36,592 [INFO] Detected current node: master-m003, zone: R3[0m
[33mresilience-heft-x86wd-health-check-2234514905: 2026-01-05 14:14:36,592 [INFO] Checking if we have permissions to modify nodes...[0m
[33mresilience-heft-x86wd-health-check-2234514905: 2026-01-05 14:14:36,636 [INFO] Testing permissions using node: master-m001[0m
[33mresilience-heft-x86wd-health-check-2234514905: 2026-01-05 14:14:36,642 [INFO] Permission check successful - we can modify nodes[0m
[33mresilience-heft-x86wd-health-check-2234514905: 2026-01-05 14:14:36,642 [INFO] Using real Kubernetes API for node control[0m
[33mresilience-heft-x86wd-health-check-2234514905: usage: rack_resiliency_to_host.py [-h][0m
[33mresilience-heft-x86wd-health-check-2234514905:                                   [--stabilization-time STABILIZATION_TIME][0m
[33mresilience-heft-x86wd-health-check-2234514905:                                   [--downtime DOWNTIME][0m
[33mresilience-heft-x86wd-health-check-2234514905:                                   {health-check,simulate-node,simulate-rack,recover-node,recover-rack}[0m
[33mresilience-heft-x86wd-health-check-2234514905: rack_resiliency_to_host.py: error: the following arguments are required: action[0m
[33mresilience-heft-x86wd-health-check-2234514905: time="2026-01-05T14:14:37.381Z" level=info msg="sub-process exited" argo=true error="<nil>"[0m
[33mresilience-heft-x86wd-health-check-2234514905: Error: exit status 2[0m
[32mresilience-heft-x86wd-health-check-2200959667: Log directory created/verified: /app/logs[0m
[32mresilience-heft-x86wd-health-check-2200959667: File logging configured successfully[0m
[32mresilience-heft-x86wd-health-check-2200959667: 2026-01-05 14:14:45,146 [INFO] Loaded in-cluster Kubernetes config[0m
[32mresilience-heft-x86wd-health-check-2200959667: 2026-01-05 14:14:45,147 [INFO] Running on host: resilience-heft-x86wd-health-check-2200959667[0m
[32mresilience-heft-x86wd-health-check-2200959667: 2026-01-05 14:14:45,147 [INFO] Detected current node: master-m003, zone: R3[0m
[32mresilience-heft-x86wd-health-check-2200959667: 2026-01-05 14:14:45,147 [INFO] Checking if we have permissions to modify nodes...[0m
[32mresilience-heft-x86wd-health-check-2200959667: 2026-01-05 14:14:45,166 [INFO] Testing permissions using node: master-m001[0m
[32mresilience-heft-x86wd-health-check-2200959667: 2026-01-05 14:14:45,190 [INFO] Permission check successful - we can modify nodes[0m
[32mresilience-heft-x86wd-health-check-2200959667: 2026-01-05 14:14:45,190 [INFO] Using real Kubernetes API for node control[0m
[32mresilience-heft-x86wd-health-check-2200959667: usage: rack_resiliency_to_host.py [-h][0m
[32mresilience-heft-x86wd-health-check-2200959667:                                   [--stabilization-time STABILIZATION_TIME][0m
[32mresilience-heft-x86wd-health-check-2200959667:                                   [--downtime DOWNTIME][0m
[32mresilience-heft-x86wd-health-check-2200959667:                                   {health-check,simulate-node,simulate-rack,recover-node,recover-rack}[0m
[32mresilience-heft-x86wd-health-check-2200959667: rack_resiliency_to_host.py: error: the following arguments are required: action[0m
[32mresilience-heft-x86wd-health-check-2200959667: time="2026-01-05T14:14:45.912Z" level=info msg="sub-process exited" argo=true error="<nil>"[0m
[32mresilience-heft-x86wd-health-check-2200959667: Error: exit status 2[0m
