job.batch/node-failure-4x-1 created
job.batch/node-failure-4x-2 created
job.batch/node-failure-4x-3 created
job.batch/node-failure-4x-4 created
job.batch/interim-check-4x-1 created
job.batch/interim-check-4x-2 created
job.batch/interim-check-4x-3 created
job.batch/interim-check-4x-4 created
job.batch/rack-failure-4x-1 created
job.batch/rack-failure-4x-2 created
job.batch/rack-failure-4x-3 created
job.batch/rack-failure-4x-4 created
job.batch/final-check-4x-1 created
job.batch/final-check-4x-2 created
job.batch/final-check-4x-3 created
job.batch/final-check-4x-4 created
Error from server (AlreadyExists): error when creating "/home/snu/kubernetes/scaled-workflows/native-k8s/rack-resiliency-4x.yaml": jobs.batch "health-check-4x-1" already exists
Error from server (AlreadyExists): error when creating "/home/snu/kubernetes/scaled-workflows/native-k8s/rack-resiliency-4x.yaml": jobs.batch "health-check-4x-2" already exists
Error from server (AlreadyExists): error when creating "/home/snu/kubernetes/scaled-workflows/native-k8s/rack-resiliency-4x.yaml": jobs.batch "health-check-4x-3" already exists
Error from server (AlreadyExists): error when creating "/home/snu/kubernetes/scaled-workflows/native-k8s/rack-resiliency-4x.yaml": jobs.batch "health-check-4x-4" already exists
Error from server (AlreadyExists): error when creating "/home/snu/kubernetes/scaled-workflows/native-k8s/rack-resiliency-4x.yaml": jobs.batch "health-check-4x-5" already exists
Error from server (AlreadyExists): error when creating "/home/snu/kubernetes/scaled-workflows/native-k8s/rack-resiliency-4x.yaml": jobs.batch "health-check-4x-6" already exists
Error from server (AlreadyExists): error when creating "/home/snu/kubernetes/scaled-workflows/native-k8s/rack-resiliency-4x.yaml": jobs.batch "health-check-4x-7" already exists
Error from server (AlreadyExists): error when creating "/home/snu/kubernetes/scaled-workflows/native-k8s/rack-resiliency-4x.yaml": jobs.batch "health-check-4x-8" already exists
Error from server (AlreadyExists): error when creating "/home/snu/kubernetes/scaled-workflows/native-k8s/rack-resiliency-4x.yaml": jobs.batch "health-check-4x-9" already exists
Error from server (AlreadyExists): error when creating "/home/snu/kubernetes/scaled-workflows/native-k8s/rack-resiliency-4x.yaml": jobs.batch "health-check-4x-10" already exists
Error from server (AlreadyExists): error when creating "/home/snu/kubernetes/scaled-workflows/native-k8s/rack-resiliency-4x.yaml": jobs.batch "health-check-4x-11" already exists
Error from server (AlreadyExists): error when creating "/home/snu/kubernetes/scaled-workflows/native-k8s/rack-resiliency-4x.yaml": jobs.batch "health-check-4x-12" already exists
