[37mresilience-heft-76kbp-heft-initialize-3574960751: WARNING: Running pip as the 'root' user can result in broken permissions and conflicting behaviour with the system package manager. It is recommended to use a virtual environment instead: https://pip.pypa.io/warnings/venv[0m
[37mresilience-heft-76kbp-heft-initialize-3574960751: [0m
[37mresilience-heft-76kbp-heft-initialize-3574960751: [notice] A new release of pip is available: 23.0.1 -> 25.3[0m
[37mresilience-heft-76kbp-heft-initialize-3574960751: [notice] To update, run: pip install --upgrade pip[0m
[37mresilience-heft-76kbp-heft-initialize-3574960751: HEFT Schedule:[0m
[37mresilience-heft-76kbp-heft-initialize-3574960751:   Health Checks: ['worker-w001', 'worker-w003', 'worker-w005'][0m
[37mresilience-heft-76kbp-heft-initialize-3574960751:   Node Sim: worker-w002 (zone R1) - EXCLUDE from failure targets[0m
[37mresilience-heft-76kbp-heft-initialize-3574960751:   Rack Sim: worker-w004 (zone R2) - EXCLUDE zone from failure targets[0m
[37mresilience-heft-76kbp-heft-initialize-3574960751: HEFT initialization complete[0m
[37mresilience-heft-76kbp-heft-initialize-3574960751: time="2026-01-05T13:31:59.339Z" level=info msg="sub-process exited" argo=true error="<nil>"[0m
[37mresilience-heft-76kbp-heft-initialize-3574960751: time="2026-01-05T13:31:59.339Z" level=info msg="/tmp/heft-node-hc1 -> /var/run/argo/outputs/parameters//tmp/heft-node-hc1" argo=true[0m
[37mresilience-heft-76kbp-heft-initialize-3574960751: time="2026-01-05T13:31:59.339Z" level=info msg="/tmp/heft-node-hc2 -> /var/run/argo/outputs/parameters//tmp/heft-node-hc2" argo=true[0m
[37mresilience-heft-76kbp-heft-initialize-3574960751: time="2026-01-05T13:31:59.340Z" level=info msg="/tmp/heft-node-hc3 -> /var/run/argo/outputs/parameters//tmp/heft-node-hc3" argo=true[0m
[37mresilience-heft-76kbp-heft-initialize-3574960751: time="2026-01-05T13:31:59.340Z" level=info msg="/tmp/heft-node-sim -> /var/run/argo/outputs/parameters//tmp/heft-node-sim" argo=true[0m
[37mresilience-heft-76kbp-heft-initialize-3574960751: time="2026-01-05T13:31:59.340Z" level=info msg="/tmp/heft-zone-sim -> /var/run/argo/outputs/parameters//tmp/heft-zone-sim" argo=true[0m
[37mresilience-heft-76kbp-heft-initialize-3574960751: time="2026-01-05T13:31:59.340Z" level=info msg="/tmp/heft-node-interim -> /var/run/argo/outputs/parameters//tmp/heft-node-interim" argo=true[0m
[37mresilience-heft-76kbp-heft-initialize-3574960751: time="2026-01-05T13:31:59.340Z" level=info msg="/tmp/heft-node-rack -> /var/run/argo/outputs/parameters//tmp/heft-node-rack" argo=true[0m
[37mresilience-heft-76kbp-heft-initialize-3574960751: time="2026-01-05T13:31:59.340Z" level=info msg="/tmp/heft-zone-rack -> /var/run/argo/outputs/parameters//tmp/heft-zone-rack" argo=true[0m
[37mresilience-heft-76kbp-heft-initialize-3574960751: time="2026-01-05T13:31:59.340Z" level=info msg="/tmp/heft-node-final -> /var/run/argo/outputs/parameters//tmp/heft-node-final" argo=true[0m
[35mresilience-heft-76kbp-health-check-270747540: /usr/bin/python3: can't open file '/app/heft_resilience_sim.py': [Errno 2] No such file or directory[0m
[33mresilience-heft-76kbp-health-check-304302778: /usr/bin/python3: can't open file '/app/heft_resilience_sim.py': [Errno 2] No such file or directory[0m
[35mresilience-heft-76kbp-health-check-270747540: time="2026-01-05T13:32:16.689Z" level=info msg="sub-process exited" argo=true error="<nil>"[0m
[35mresilience-heft-76kbp-health-check-270747540: Error: exit status 2[0m
[33mresilience-heft-76kbp-health-check-304302778: time="2026-01-05T13:32:16.813Z" level=info msg="sub-process exited" argo=true error="<nil>"[0m
[33mresilience-heft-76kbp-health-check-304302778: Error: exit status 2[0m
[37mresilience-heft-76kbp-health-check-287525159: /usr/bin/python3: can't open file '/app/heft_resilience_sim.py': [Errno 2] No such file or directory[0m
[37mresilience-heft-76kbp-health-check-287525159: time="2026-01-05T13:32:21.930Z" level=info msg="sub-process exited" argo=true error="<nil>"[0m
[37mresilience-heft-76kbp-health-check-287525159: Error: exit status 2[0m
