[35mresilience-heft-vlt2m-heft-initialize-840404112: ================================================[0m
[35mresilience-heft-vlt2m-heft-initialize-840404112: HEFT SCHEDULER INITIALIZATION[0m
[35mresilience-heft-vlt2m-heft-initialize-840404112: ================================================[0m
[35mresilience-heft-vlt2m-heft-initialize-840404112: HEFT Decision:[0m
[35mresilience-heft-vlt2m-heft-initialize-840404112:   Execution Node: master-m003[0m
[35mresilience-heft-vlt2m-heft-initialize-840404112:   Execution Zone: R3[0m
[35mresilience-heft-vlt2m-heft-initialize-840404112:   Exclude Node from simulation: worker-w005[0m
[35mresilience-heft-vlt2m-heft-initialize-840404112:   Exclude Zone from rack sim: R3[0m
[35mresilience-heft-vlt2m-heft-initialize-840404112: HEFT initialization complete[0m
[35mresilience-heft-vlt2m-heft-initialize-840404112: time="2026-01-05T14:12:16.436Z" level=info msg="sub-process exited" argo=true error="<nil>"[0m
[35mresilience-heft-vlt2m-heft-initialize-840404112: time="2026-01-05T14:12:16.437Z" level=info msg="/tmp/heft-exclude-node -> /var/run/argo/outputs/parameters//tmp/heft-exclude-node" argo=true[0m
[35mresilience-heft-vlt2m-heft-initialize-840404112: time="2026-01-05T14:12:16.437Z" level=info msg="/tmp/heft-exclude-zone -> /var/run/argo/outputs/parameters//tmp/heft-exclude-zone" argo=true[0m
[34mresilience-heft-vlt2m-health-check-2743003157: Log directory created/verified: /app/logs[0m
[34mresilience-heft-vlt2m-health-check-2743003157: File logging configured successfully[0m
[34mresilience-heft-vlt2m-health-check-2743003157: 2026-01-05 14:13:00,625 [INFO] Loaded in-cluster Kubernetes config[0m
[34mresilience-heft-vlt2m-health-check-2743003157: 2026-01-05 14:13:00,626 [INFO] Running on host: resilience-heft-vlt2m-health-check-2743003157[0m
[34mresilience-heft-vlt2m-health-check-2743003157: 2026-01-05 14:13:00,626 [INFO] Detected current node: master-m003, zone: R3[0m
[34mresilience-heft-vlt2m-health-check-2743003157: 2026-01-05 14:13:00,626 [INFO] Checking if we have permissions to modify nodes...[0m
[32mresilience-heft-vlt2m-health-check-2726225538: Log directory created/verified: /app/logs[0m
[36mresilience-heft-vlt2m-health-check-2709447919: Log directory created/verified: /app/logs[0m
[36mresilience-heft-vlt2m-health-check-2709447919: File logging configured successfully[0m
[32mresilience-heft-vlt2m-health-check-2726225538: File logging configured successfully[0m
[36mresilience-heft-vlt2m-health-check-2709447919: 2026-01-05 14:13:00,627 [INFO] Loaded in-cluster Kubernetes config[0m
[36mresilience-heft-vlt2m-health-check-2709447919: 2026-01-05 14:13:00,628 [INFO] Running on host: resilience-heft-vlt2m-health-check-2709447919[0m
[36mresilience-heft-vlt2m-health-check-2709447919: 2026-01-05 14:13:00,628 [INFO] Detected current node: master-m003, zone: R3[0m
[36mresilience-heft-vlt2m-health-check-2709447919: 2026-01-05 14:13:00,629 [INFO] Checking if we have permissions to modify nodes...[0m
[32mresilience-heft-vlt2m-health-check-2726225538: 2026-01-05 14:13:00,629 [INFO] Loaded in-cluster Kubernetes config[0m
[32mresilience-heft-vlt2m-health-check-2726225538: 2026-01-05 14:13:00,629 [INFO] Running on host: resilience-heft-vlt2m-health-check-2726225538[0m
[32mresilience-heft-vlt2m-health-check-2726225538: 2026-01-05 14:13:00,630 [INFO] Detected current node: master-m003, zone: R3[0m
[32mresilience-heft-vlt2m-health-check-2726225538: 2026-01-05 14:13:00,630 [INFO] Checking if we have permissions to modify nodes...[0m
[36mresilience-heft-vlt2m-health-check-2709447919: 2026-01-05 14:13:00,708 [INFO] Testing permissions using node: master-m001[0m
[36mresilience-heft-vlt2m-health-check-2709447919: 2026-01-05 14:13:00,716 [INFO] Permission check successful - we can modify nodes[0m
[32mresilience-heft-vlt2m-health-check-2726225538: 2026-01-05 14:13:00,720 [INFO] Testing permissions using node: master-m001[0m
[36mresilience-heft-vlt2m-health-check-2709447919: 2026-01-05 14:13:00,720 [INFO] Using real Kubernetes API for node control[0m
[36mresilience-heft-vlt2m-health-check-2709447919: usage: rack_resiliency_to_host.py [-h][0m
[36mresilience-heft-vlt2m-health-check-2709447919:                                   [--stabilization-time STABILIZATION_TIME][0m
[36mresilience-heft-vlt2m-health-check-2709447919:                                   [--downtime DOWNTIME][0m
[36mresilience-heft-vlt2m-health-check-2709447919:                                   {health-check,simulate-node,simulate-rack,recover-node,recover-rack}[0m
[36mresilience-heft-vlt2m-health-check-2709447919: rack_resiliency_to_host.py: error: the following arguments are required: action[0m
[34mresilience-heft-vlt2m-health-check-2743003157: 2026-01-05 14:13:00,725 [INFO] Testing permissions using node: master-m001[0m
[32mresilience-heft-vlt2m-health-check-2726225538: 2026-01-05 14:13:00,728 [INFO] Permission check successful - we can modify nodes[0m
[32mresilience-heft-vlt2m-health-check-2726225538: 2026-01-05 14:13:00,730 [INFO] Using real Kubernetes API for node control[0m
[32mresilience-heft-vlt2m-health-check-2726225538: usage: rack_resiliency_to_host.py [-h][0m
[32mresilience-heft-vlt2m-health-check-2726225538:                                   [--stabilization-time STABILIZATION_TIME][0m
[32mresilience-heft-vlt2m-health-check-2726225538:                                   [--downtime DOWNTIME][0m
[32mresilience-heft-vlt2m-health-check-2726225538:                                   {health-check,simulate-node,simulate-rack,recover-node,recover-rack}[0m
[32mresilience-heft-vlt2m-health-check-2726225538: rack_resiliency_to_host.py: error: the following arguments are required: action[0m
[34mresilience-heft-vlt2m-health-check-2743003157: 2026-01-05 14:13:00,742 [INFO] Permission check successful - we can modify nodes[0m
[34mresilience-heft-vlt2m-health-check-2743003157: 2026-01-05 14:13:00,743 [INFO] Using real Kubernetes API for node control[0m
[34mresilience-heft-vlt2m-health-check-2743003157: usage: rack_resiliency_to_host.py [-h][0m
[34mresilience-heft-vlt2m-health-check-2743003157:                                   [--stabilization-time STABILIZATION_TIME][0m
[34mresilience-heft-vlt2m-health-check-2743003157:                                   [--downtime DOWNTIME][0m
[34mresilience-heft-vlt2m-health-check-2743003157:                                   {health-check,simulate-node,simulate-rack,recover-node,recover-rack}[0m
[34mresilience-heft-vlt2m-health-check-2743003157: rack_resiliency_to_host.py: error: the following arguments are required: action[0m
[32mresilience-heft-vlt2m-health-check-2726225538: time="2026-01-05T14:13:00.961Z" level=info msg="sub-process exited" argo=true error="<nil>"[0m
[32mresilience-heft-vlt2m-health-check-2726225538: Error: exit status 2[0m
[34mresilience-heft-vlt2m-health-check-2743003157: time="2026-01-05T14:13:01.047Z" level=info msg="sub-process exited" argo=true error="<nil>"[0m
[34mresilience-heft-vlt2m-health-check-2743003157: Error: exit status 2[0m
[36mresilience-heft-vlt2m-health-check-2709447919: time="2026-01-05T14:13:01.649Z" level=info msg="sub-process exited" argo=true error="<nil>"[0m
[36mresilience-heft-vlt2m-health-check-2709447919: Error: exit status 2[0m
