Found 3 pods, using pod/resilience-heft-2-201129-cvgbm
================================================================
 HEFT-OPTIMIZED NATIVE KUBERNETES RESILIENCE SIMULATION
 Time: Mon Jan  5 14:41:33 UTC 2026
================================================================
[2026-01-05 14:41:33] Run ID: heft-native-20260105-144133
[2026-01-05 14:41:33] Platform: Native Kubernetes (HEFT-Optimized)
[2026-01-05 14:41:33] HEFT Exclusion Node: worker-w005
[2026-01-05 14:41:33] HEFT Exclusion Zone: R3

================================================================
 STEP 1: PARALLEL HEALTH CHECKS (3x)
 Time: Mon Jan  5 14:41:33 UTC 2026
================================================================
Log directory created/verified: /app/logs
File logging configured successfully
2026-01-05 14:41:33,612 [INFO] Loaded in-cluster Kubernetes config
2026-01-05 14:41:33,612 [INFO] Running on host: resilience-heft-2-201129-cvgbm
2026-01-05 14:41:33,612 [INFO] Detected current node: master-m003, zone: R3
2026-01-05 14:41:33,612 [INFO] Checking if we have permissions to modify nodes...
2026-01-05 14:41:33,653 [INFO] Testing permissions using node: master-m001
2026-01-05 14:41:33,660 [INFO] Permission check successful - we can modify nodes
2026-01-05 14:41:33,660 [INFO] Using real Kubernetes API for node control
usage: rack_resiliency_to_host.py [-h]
                                  [--stabilization-time STABILIZATION_TIME]
                                  [--downtime DOWNTIME]
                                  {health-check,simulate-node,simulate-rack,recover-node,recover-rack}
rack_resiliency_to_host.py: error: the following arguments are required: action
Log directory created/verified: /app/logs
File logging configured successfully
2026-01-05 14:41:33,808 [INFO] Loaded in-cluster Kubernetes config
2026-01-05 14:41:33,809 [INFO] Running on host: resilience-heft-2-201129-cvgbm
2026-01-05 14:41:33,809 [INFO] Detected current node: master-m003, zone: R3
2026-01-05 14:41:33,809 [INFO] Checking if we have permissions to modify nodes...
2026-01-05 14:41:33,829 [INFO] Testing permissions using node: master-m001
2026-01-05 14:41:33,836 [INFO] Permission check successful - we can modify nodes
2026-01-05 14:41:33,836 [INFO] Using real Kubernetes API for node control
usage: rack_resiliency_to_host.py [-h]
                                  [--stabilization-time STABILIZATION_TIME]
                                  [--downtime DOWNTIME]
                                  {health-check,simulate-node,simulate-rack,recover-node,recover-rack}
rack_resiliency_to_host.py: error: the following arguments are required: action
Log directory created/verified: /app/logs
File logging configured successfully
2026-01-05 14:41:33,839 [INFO] Loaded in-cluster Kubernetes config
2026-01-05 14:41:33,839 [INFO] Running on host: resilience-heft-2-201129-cvgbm
2026-01-05 14:41:33,840 [INFO] Detected current node: master-m003, zone: R3
2026-01-05 14:41:33,840 [INFO] Checking if we have permissions to modify nodes...
2026-01-05 14:41:33,871 [INFO] Testing permissions using node: master-m001
2026-01-05 14:41:33,880 [INFO] Permission check successful - we can modify nodes
2026-01-05 14:41:33,881 [INFO] Using real Kubernetes API for node control
usage: rack_resiliency_to_host.py [-h]
                                  [--stabilization-time STABILIZATION_TIME]
                                  [--downtime DOWNTIME]
                                  {health-check,simulate-node,simulate-rack,recover-node,recover-rack}
rack_resiliency_to_host.py: error: the following arguments are required: action
